c:\users\samuel\source\repos\samovr\samoscircus2\3dproject4\3dproject4\x64\release\vc143.pdb
c:\users\samuel\source\repos\samovr\samoscircus2\3dproject4\3dproject4\x64\release\main.obj
c:\users\samuel\source\repos\samovr\samoscircus2\3dproject4\3dproject4\x64\release\imgui_widgets.obj
c:\users\samuel\source\repos\samovr\samoscircus2\3dproject4\3dproject4\x64\release\imgui_tables.obj
c:\users\samuel\source\repos\samovr\samoscircus2\3dproject4\3dproject4\x64\release\imgui_impl_opengl3.obj
c:\users\samuel\source\repos\samovr\samoscircus2\3dproject4\3dproject4\x64\release\imgui_impl_glfw.obj
c:\users\samuel\source\repos\samovr\samoscircus2\3dproject4\3dproject4\x64\release\imgui_draw.obj
c:\users\samuel\source\repos\samovr\samoscircus2\3dproject4\3dproject4\x64\release\imgui_demo.obj
c:\users\samuel\source\repos\samovr\samoscircus2\3dproject4\3dproject4\x64\release\imgui.obj
c:\users\samuel\source\repos\samovr\samoscircus2\3dproject4\x64\release\3dproject4.exe
c:\users\samuel\source\repos\samovr\samoscircus2\3dproject4\x64\release\3dproject4.pdb
c:\users\samuel\source\repos\samovr\samoscircus2\3dproject4\3dproject4\x64\release\3dproject4.ipdb
c:\users\samuel\source\repos\samovr\samoscircus2\3dproject4\3dproject4\x64\release\3dproject4.iobj
c:\users\samuel\source\repos\samovr\samoscircus2\3dproject4\3dproject4\x64\release\3dproject4.tlog\cl.command.1.tlog
c:\users\samuel\source\repos\samovr\samoscircus2\3dproject4\3dproject4\x64\release\3dproject4.tlog\cl.items.tlog
c:\users\samuel\source\repos\samovr\samoscircus2\3dproject4\3dproject4\x64\release\3dproject4.tlog\cl.read.1.tlog
c:\users\samuel\source\repos\samovr\samoscircus2\3dproject4\3dproject4\x64\release\3dproject4.tlog\cl.write.1.tlog
c:\users\samuel\source\repos\samovr\samoscircus2\3dproject4\3dproject4\x64\release\3dproject4.tlog\link.command.1.tlog
c:\users\samuel\source\repos\samovr\samoscircus2\3dproject4\3dproject4\x64\release\3dproject4.tlog\link.read.1.tlog
c:\users\samuel\source\repos\samovr\samoscircus2\3dproject4\3dproject4\x64\release\3dproject4.tlog\link.secondary.1.tlog
c:\users\samuel\source\repos\samovr\samoscircus2\3dproject4\3dproject4\x64\release\3dproject4.tlog\link.write.1.tlog
