  imgui.cpp
  imgui_demo.cpp
  imgui_draw.cpp
  imgui_impl_glfw.cpp
  imgui_impl_opengl3.cpp
  imgui_tables.cpp
  imgui_widgets.cpp
  main.cpp
C:\Users\Samuel\source\repos\SamoVR\SamosCircus2\3DProject4\3DProject4\main.cpp(199,25): warning C4244: '-=': conversion from 'double' to 'float', possible loss of data
C:\Users\Samuel\source\repos\SamoVR\SamosCircus2\3DProject4\3DProject4\main.cpp(229,23): warning C4244: 'initializing': conversion from 'double' to 'float', possible loss of data
C:\Users\Samuel\source\repos\SamoVR\SamosCircus2\3DProject4\3DProject4\main.cpp(230,23): warning C4244: 'initializing': conversion from 'double' to 'float', possible loss of data
C:\Users\Samuel\source\repos\SamoVR\SamosCircus2\3DProject4\3DProject4\main.cpp(232,17): warning C4244: '=': conversion from 'double' to 'float', possible loss of data
C:\Users\Samuel\source\repos\SamoVR\SamosCircus2\3DProject4\3DProject4\main.cpp(233,17): warning C4244: '=': conversion from 'double' to 'float', possible loss of data
C:\Users\Samuel\source\repos\SamoVR\SamosCircus2\3DProject4\3DProject4\main.cpp(461,25): warning C4244: 'initializing': conversion from 'double' to 'float', possible loss of data
C:\Users\Samuel\source\repos\SamoVR\SamosCircus2\3DProject4\3DProject4\main.cpp(474,32): warning C4244: 'initializing': conversion from 'double' to 'float', possible loss of data
C:\Users\Samuel\source\repos\SamoVR\SamosCircus2\3DProject4\3DProject4\main.cpp(661,33): warning C4552: '*': result of expression not used
  Generating code
  Previous IPDB not found, fall back to full compilation.
  All 2152 functions were compiled because no usable IPDB/IOBJ from previous compilation was found.
  Finished generating code
  3DProject4.vcxproj -> C:\Users\Samuel\source\repos\SamoVR\SamosCircus2\3DProject4\x64\Release\3DProject4.exe
