c:\users\samuel\source\repos\samovr\samoscircus2\3dproject4\3dproject4\x64\debug\vc143.pdb
c:\users\samuel\source\repos\samovr\samoscircus2\3dproject4\3dproject4\x64\debug\vc143.idb
c:\users\samuel\source\repos\samovr\samoscircus2\3dproject4\3dproject4\x64\debug\main.obj
c:\users\samuel\source\repos\samovr\samoscircus2\3dproject4\3dproject4\x64\debug\imgui_widgets.obj
c:\users\samuel\source\repos\samovr\samoscircus2\3dproject4\3dproject4\x64\debug\imgui_tables.obj
c:\users\samuel\source\repos\samovr\samoscircus2\3dproject4\3dproject4\x64\debug\imgui_impl_opengl3.obj
c:\users\samuel\source\repos\samovr\samoscircus2\3dproject4\3dproject4\x64\debug\imgui_impl_glfw.obj
c:\users\samuel\source\repos\samovr\samoscircus2\3dproject4\3dproject4\x64\debug\imgui_draw.obj
c:\users\samuel\source\repos\samovr\samoscircus2\3dproject4\3dproject4\x64\debug\imgui_demo.obj
c:\users\samuel\source\repos\samovr\samoscircus2\3dproject4\3dproject4\x64\debug\imgui.obj
c:\users\samuel\source\repos\samovr\samoscircus2\3dproject4\x64\debug\3dproject4.exe
c:\users\samuel\source\repos\samovr\samoscircus2\3dproject4\x64\debug\3dproject4.pdb
c:\users\samuel\source\repos\samovr\samoscircus2\3dproject4\3dproject4\x64\debug\3dproject4.ilk
c:\users\samuel\source\repos\samovr\samoscircus2\3dproject4\3dproject4\x64\debug\3dproject4.tlog\cl.command.1.tlog
c:\users\samuel\source\repos\samovr\samoscircus2\3dproject4\3dproject4\x64\debug\3dproject4.tlog\cl.items.tlog
c:\users\samuel\source\repos\samovr\samoscircus2\3dproject4\3dproject4\x64\debug\3dproject4.tlog\cl.read.1.tlog
c:\users\samuel\source\repos\samovr\samoscircus2\3dproject4\3dproject4\x64\debug\3dproject4.tlog\cl.write.1.tlog
c:\users\samuel\source\repos\samovr\samoscircus2\3dproject4\3dproject4\x64\debug\3dproject4.tlog\link.command.1.tlog
c:\users\samuel\source\repos\samovr\samoscircus2\3dproject4\3dproject4\x64\debug\3dproject4.tlog\link.read.1.tlog
c:\users\samuel\source\repos\samovr\samoscircus2\3dproject4\3dproject4\x64\debug\3dproject4.tlog\link.secondary.1.tlog
c:\users\samuel\source\repos\samovr\samoscircus2\3dproject4\3dproject4\x64\debug\3dproject4.tlog\link.write.1.tlog
